E:\CODE\WEN\HAPPYXIU\ACCOUNT\ACCOUNT\DEBUG\ACCOUNT.EXE.EMBED.MANIFEST
E:\CODE\WEN\HAPPYXIU\ACCOUNT\ACCOUNT\DEBUG\ACCOUNT.EXE.EMBED.MANIFEST.RES
E:\CODE\WEN\HAPPYXIU\ACCOUNT\ACCOUNT\DEBUG\ACCOUNT.EXE.INTERMEDIATE.MANIFEST
E:\CODE\WEN\HAPPYXIU\ACCOUNT\ACCOUNT\DEBUG\ACCOUNT.OBJ
E:\CODE\WEN\HAPPYXIU\ACCOUNT\ACCOUNT\DEBUG\ACCOUNT.PCH
E:\CODE\WEN\HAPPYXIU\ACCOUNT\ACCOUNT\DEBUG\ACCOUNT.RES
E:\Code\wen\HappyXiu\Account\Account\Debug\Account.write.1.tlog
E:\Code\wen\HappyXiu\Account\Account\Debug\Account_manifest.rc
E:\CODE\WEN\HAPPYXIU\ACCOUNT\ACCOUNT\DEBUG\ACCOUNTDLG.OBJ
E:\Code\wen\HappyXiu\Account\Account\Debug\cl.command.1.tlog
E:\Code\wen\HappyXiu\Account\Account\Debug\CL.read.1.tlog
E:\Code\wen\HappyXiu\Account\Account\Debug\CL.write.1.tlog
E:\CODE\WEN\HAPPYXIU\ACCOUNT\ACCOUNT\DEBUG\GLOBAL.OBJ
E:\Code\wen\HappyXiu\Account\Account\Debug\link.command.1.tlog
E:\Code\wen\HappyXiu\Account\Account\Debug\link.read.1.tlog
E:\Code\wen\HappyXiu\Account\Account\Debug\link.write.1.tlog
E:\Code\wen\HappyXiu\Account\Account\Debug\link-cvtres.read.1.tlog
E:\Code\wen\HappyXiu\Account\Account\Debug\link-cvtres.write.1.tlog
E:\Code\wen\HappyXiu\Account\Account\Debug\mt.command.1.tlog
E:\Code\wen\HappyXiu\Account\Account\Debug\mt.read.1.tlog
E:\Code\wen\HappyXiu\Account\Account\Debug\mt.write.1.tlog
E:\Code\wen\HappyXiu\Account\Account\Debug\rc.command.1.tlog
E:\Code\wen\HappyXiu\Account\Account\Debug\rc.read.1.tlog
E:\Code\wen\HappyXiu\Account\Account\Debug\rc.write.1.tlog
E:\CODE\WEN\HAPPYXIU\ACCOUNT\ACCOUNT\DEBUG\STDAFX.OBJ
E:\Code\wen\HappyXiu\Account\Account\Debug\vc100.idb
E:\CODE\WEN\HAPPYXIU\ACCOUNT\ACCOUNT\DEBUG\VC100.PDB
E:\CODE\WEN\HAPPYXIU\ACCOUNT\DEBUG\ACCOUNT.EXE
E:\CODE\WEN\HAPPYXIU\ACCOUNT\DEBUG\ACCOUNT.ILK
E:\CODE\WEN\HAPPYXIU\ACCOUNT\DEBUG\ACCOUNT.PDB
